<?xml version="1.0" encoding="UTF-8"?>
<robot generator="Robot 7.3.2 (Python 3.12.3 on linux)" generated="2025-11-16T10:15:01.325799" rpa="false" schemaversion="5">
<suite id="s1" name="Tests" source="/home/maari/palautusrepositorio/viikko3/login/src/tests">
<suite id="s1-s1" name="Home" source="/home/maari/palautusrepositorio/viikko3/login/src/tests/home.robot">
<kw name="Open And Configure Browser" owner="resource" type="SETUP">
<if>
<branch type="IF" condition="$BROWSER == 'chrome'">
<kw name="Evaluate" owner="BuiltIn">
<msg time="2025-11-16T10:15:01.466967" level="INFO">${options} = &lt;selenium.webdriver.chrome.options.Options object at 0x71f8d41de990&gt;</msg>
<var>${options}</var>
<arg>sys.modules['selenium.webdriver'].ChromeOptions()</arg>
<arg>sys</arg>
<doc>Evaluates the given expression in Python and returns the result.</doc>
<status status="PASS" start="2025-11-16T10:15:01.466720" elapsed="0.000277"/>
</kw>
<kw name="Call Method" owner="BuiltIn">
<arg>${options}</arg>
<arg>add_argument</arg>
<arg>--incognito</arg>
<doc>Calls the named method of the given object with the provided arguments.</doc>
<status status="PASS" start="2025-11-16T10:15:01.467101" elapsed="0.000100"/>
</kw>
<status status="PASS" start="2025-11-16T10:15:01.466243" elapsed="0.000991"/>
</branch>
<branch type="ELSE IF" condition="$BROWSER == 'firefox'">
<kw name="Evaluate" owner="BuiltIn">
<var>${options}</var>
<arg>sys.modules['selenium.webdriver'].FirefoxOptions()</arg>
<arg>sys</arg>
<doc>Evaluates the given expression in Python and returns the result.</doc>
<status status="NOT RUN" start="2025-11-16T10:15:01.467329" elapsed="0.000015"/>
</kw>
<kw name="Call Method" owner="BuiltIn">
<arg>${options}</arg>
<arg>add_argument</arg>
<arg>--private-window</arg>
<doc>Calls the named method of the given object with the provided arguments.</doc>
<status status="NOT RUN" start="2025-11-16T10:15:01.467394" elapsed="0.000014"/>
</kw>
<status status="NOT RUN" start="2025-11-16T10:15:01.467266" elapsed="0.000162"/>
</branch>
<status status="PASS" start="2025-11-16T10:15:01.466225" elapsed="0.001222"/>
</if>
<if>
<branch type="IF" condition="$HEADLESS == 'true'">
<kw name="Set Selenium Speed" owner="SeleniumLibrary">
<arg>0.05 seconds</arg>
<doc>Sets the delay that is waited after each Selenium command.</doc>
<status status="NOT RUN" start="2025-11-16T10:15:01.467585" elapsed="0.000015"/>
</kw>
<kw name="Call Method" owner="BuiltIn">
<arg>${options}</arg>
<arg>add_argument</arg>
<arg>--headless</arg>
<doc>Calls the named method of the given object with the provided arguments.</doc>
<status status="NOT RUN" start="2025-11-16T10:15:01.467651" elapsed="0.000126"/>
</kw>
<status status="NOT RUN" start="2025-11-16T10:15:01.467480" elapsed="0.000337"/>
</branch>
<branch type="ELSE">
<kw name="Set Selenium Speed" owner="SeleniumLibrary">
<arg>${DELAY}</arg>
<doc>Sets the delay that is waited after each Selenium command.</doc>
<status status="PASS" start="2025-11-16T10:15:01.467897" elapsed="0.000211"/>
</kw>
<status status="PASS" start="2025-11-16T10:15:01.467840" elapsed="0.000300"/>
</branch>
<status status="PASS" start="2025-11-16T10:15:01.467472" elapsed="0.000688"/>
</if>
<kw name="Open Browser" owner="SeleniumLibrary">
<msg time="2025-11-16T10:15:01.468384" level="INFO">Opening browser 'chrome' to base url 'None'.</msg>
<arg>browser=${BROWSER}</arg>
<arg>options=${options}</arg>
<doc>Opens a new browser instance to the optional ``url``.</doc>
<status status="PASS" start="2025-11-16T10:15:01.468229" elapsed="1.869491"/>
</kw>
<status status="PASS" start="2025-11-16T10:15:01.466094" elapsed="1.871731"/>
</kw>
<test id="s1-s1-t1" name="Click Login Link" line="8">
<kw name="Reset Application And Go To Starting Page" type="SETUP">
<kw name="Reset Application" owner="AppLibrary">
<status status="PASS" start="2025-11-16T10:15:03.338444" elapsed="0.003019"/>
</kw>
<kw name="Go To Starting Page" owner="resource">
<kw name="Go To" owner="SeleniumLibrary">
<msg time="2025-11-16T10:15:03.341921" level="INFO">Opening url 'http://localhost:5001'</msg>
<arg>${HOME_URL}</arg>
<doc>Navigates the current browser window to the provided ``url``.</doc>
<status status="PASS" start="2025-11-16T10:15:03.341822" elapsed="0.529773"/>
</kw>
<status status="PASS" start="2025-11-16T10:15:03.341631" elapsed="0.530128"/>
</kw>
<status status="PASS" start="2025-11-16T10:15:03.338263" elapsed="0.533596"/>
</kw>
<kw name="Click Link" owner="SeleniumLibrary">
<msg time="2025-11-16T10:15:03.872588" level="INFO">Clicking link 'Login'.</msg>
<arg>Login</arg>
<doc>Clicks a link identified by ``locator``.</doc>
<status status="PASS" start="2025-11-16T10:15:03.872148" elapsed="1.569378"/>
</kw>
<kw name="Login Page Should Be Open" owner="resource">
<kw name="Title Should Be" owner="SeleniumLibrary">
<msg time="2025-11-16T10:15:05.950751" level="INFO">Page title is 'Login'.</msg>
<arg>Login</arg>
<doc>Verifies that the current page title equals ``title``.</doc>
<status status="PASS" start="2025-11-16T10:15:05.442217" elapsed="0.508629"/>
</kw>
<status status="PASS" start="2025-11-16T10:15:05.441917" elapsed="0.508998"/>
</kw>
<status status="PASS" start="2025-11-16T10:15:03.337887" elapsed="2.613169"/>
</test>
<test id="s1-s1-t2" name="Click Register Link" line="12">
<kw name="Reset Application And Go To Starting Page" type="SETUP">
<kw name="Reset Application" owner="AppLibrary">
<status status="PASS" start="2025-11-16T10:15:05.951635" elapsed="0.001739"/>
</kw>
<kw name="Go To Starting Page" owner="resource">
<kw name="Go To" owner="SeleniumLibrary">
<msg time="2025-11-16T10:15:05.953679" level="INFO">Opening url 'http://localhost:5001'</msg>
<arg>${HOME_URL}</arg>
<doc>Navigates the current browser window to the provided ``url``.</doc>
<status status="PASS" start="2025-11-16T10:15:05.953601" elapsed="0.515224"/>
</kw>
<status status="PASS" start="2025-11-16T10:15:05.953468" elapsed="0.515447"/>
</kw>
<status status="PASS" start="2025-11-16T10:15:05.951496" elapsed="0.517453"/>
</kw>
<kw name="Click Link" owner="SeleniumLibrary">
<msg time="2025-11-16T10:15:06.469242" level="INFO">Clicking link 'Register new user'.</msg>
<arg>Register new user</arg>
<doc>Clicks a link identified by ``locator``.</doc>
<status status="PASS" start="2025-11-16T10:15:06.469106" elapsed="1.566930"/>
</kw>
<kw name="Register Page Should Be Open" owner="resource">
<kw name="Title Should Be" owner="SeleniumLibrary">
<msg time="2025-11-16T10:15:08.541328" level="INFO">Page title is 'Register'.</msg>
<arg>Register</arg>
<doc>Verifies that the current page title equals ``title``.</doc>
<status status="PASS" start="2025-11-16T10:15:08.036832" elapsed="0.504673"/>
</kw>
<status status="PASS" start="2025-11-16T10:15:08.036530" elapsed="0.505105"/>
</kw>
<status status="PASS" start="2025-11-16T10:15:05.951276" elapsed="2.590604"/>
</test>
<kw name="Close Browser" owner="SeleniumLibrary" type="TEARDOWN">
<doc>Closes the current browser.</doc>
<status status="PASS" start="2025-11-16T10:15:08.542462" elapsed="0.570965"/>
</kw>
<status status="PASS" start="2025-11-16T10:15:01.338294" elapsed="7.775194"/>
</suite>
<suite id="s1-s2" name="Login" source="/home/maari/palautusrepositorio/viikko3/login/src/tests/login.robot">
<kw name="Open And Configure Browser" owner="resource" type="SETUP">
<if>
<branch type="IF" condition="$BROWSER == 'chrome'">
<kw name="Evaluate" owner="BuiltIn">
<msg time="2025-11-16T10:15:09.116336" level="INFO">${options} = &lt;selenium.webdriver.chrome.options.Options object at 0x71f8d3d65280&gt;</msg>
<var>${options}</var>
<arg>sys.modules['selenium.webdriver'].ChromeOptions()</arg>
<arg>sys</arg>
<doc>Evaluates the given expression in Python and returns the result.</doc>
<status status="PASS" start="2025-11-16T10:15:09.116164" elapsed="0.000192"/>
</kw>
<kw name="Call Method" owner="BuiltIn">
<arg>${options}</arg>
<arg>add_argument</arg>
<arg>--incognito</arg>
<doc>Calls the named method of the given object with the provided arguments.</doc>
<status status="PASS" start="2025-11-16T10:15:09.116428" elapsed="0.000077"/>
</kw>
<status status="PASS" start="2025-11-16T10:15:09.116000" elapsed="0.000531"/>
</branch>
<branch type="ELSE IF" condition="$BROWSER == 'firefox'">
<kw name="Evaluate" owner="BuiltIn">
<var>${options}</var>
<arg>sys.modules['selenium.webdriver'].FirefoxOptions()</arg>
<arg>sys</arg>
<doc>Evaluates the given expression in Python and returns the result.</doc>
<status status="NOT RUN" start="2025-11-16T10:15:09.116695" elapsed="0.000018"/>
</kw>
<kw name="Call Method" owner="BuiltIn">
<arg>${options}</arg>
<arg>add_argument</arg>
<arg>--private-window</arg>
<doc>Calls the named method of the given object with the provided arguments.</doc>
<status status="NOT RUN" start="2025-11-16T10:15:09.116762" elapsed="0.000013"/>
</kw>
<status status="NOT RUN" start="2025-11-16T10:15:09.116556" elapsed="0.000237"/>
</branch>
<status status="PASS" start="2025-11-16T10:15:09.115982" elapsed="0.000829"/>
</if>
<if>
<branch type="IF" condition="$HEADLESS == 'true'">
<kw name="Set Selenium Speed" owner="SeleniumLibrary">
<arg>0.05 seconds</arg>
<doc>Sets the delay that is waited after each Selenium command.</doc>
<status status="NOT RUN" start="2025-11-16T10:15:09.116942" elapsed="0.000013"/>
</kw>
<kw name="Call Method" owner="BuiltIn">
<arg>${options}</arg>
<arg>add_argument</arg>
<arg>--headless</arg>
<doc>Calls the named method of the given object with the provided arguments.</doc>
<status status="NOT RUN" start="2025-11-16T10:15:09.116997" elapsed="0.000011"/>
</kw>
<status status="NOT RUN" start="2025-11-16T10:15:09.116841" elapsed="0.000185"/>
</branch>
<branch type="ELSE">
<kw name="Set Selenium Speed" owner="SeleniumLibrary">
<arg>${DELAY}</arg>
<doc>Sets the delay that is waited after each Selenium command.</doc>
<status status="PASS" start="2025-11-16T10:15:09.117097" elapsed="0.000137"/>
</kw>
<status status="PASS" start="2025-11-16T10:15:09.117044" elapsed="0.000212"/>
</branch>
<status status="PASS" start="2025-11-16T10:15:09.116833" elapsed="0.000440"/>
</if>
<kw name="Open Browser" owner="SeleniumLibrary">
<msg time="2025-11-16T10:15:09.117468" level="INFO">Opening browser 'chrome' to base url 'None'.</msg>
<arg>browser=${BROWSER}</arg>
<arg>options=${options}</arg>
<doc>Opens a new browser instance to the optional ``url``.</doc>
<status status="PASS" start="2025-11-16T10:15:09.117326" elapsed="0.447508"/>
</kw>
<status status="PASS" start="2025-11-16T10:15:09.115845" elapsed="0.449121"/>
</kw>
<test id="s1-s2-t1" name="Login With Correct Credentials" line="8">
<kw name="Reset Application Create User And Go To Login Page" type="SETUP">
<kw name="Reset Application" owner="AppLibrary">
<status status="PASS" start="2025-11-16T10:15:09.565592" elapsed="0.002504"/>
</kw>
<kw name="Create User" owner="AppLibrary">
<arg>kalle</arg>
<arg>kalle123</arg>
<status status="PASS" start="2025-11-16T10:15:09.568229" elapsed="0.005355"/>
</kw>
<kw name="Go To Login Page" owner="resource">
<kw name="Go To" owner="SeleniumLibrary">
<msg time="2025-11-16T10:15:09.574101" level="INFO">Opening url 'http://localhost:5001/login'</msg>
<arg>${LOGIN_URL}</arg>
<doc>Navigates the current browser window to the provided ``url``.</doc>
<status status="PASS" start="2025-11-16T10:15:09.573991" elapsed="0.534100"/>
</kw>
<status status="PASS" start="2025-11-16T10:15:09.573777" elapsed="0.534469"/>
</kw>
<status status="PASS" start="2025-11-16T10:15:09.565379" elapsed="0.542929"/>
</kw>
<kw name="Set Username">
<kw name="Input Text" owner="SeleniumLibrary">
<msg time="2025-11-16T10:15:10.108988" level="INFO">Typing text 'kalle' into text field 'username'.</msg>
<arg>username</arg>
<arg>${username}</arg>
<doc>Types the given ``text`` into the text field identified by ``locator``.</doc>
<status status="PASS" start="2025-11-16T10:15:10.108820" elapsed="1.567649"/>
</kw>
<arg>kalle</arg>
<status status="PASS" start="2025-11-16T10:15:10.108571" elapsed="1.568004"/>
</kw>
<kw name="Set Password">
<kw name="Input Password" owner="SeleniumLibrary">
<msg time="2025-11-16T10:15:11.677164" level="INFO">Typing password into text field 'password'.</msg>
<msg time="2025-11-16T10:15:12.710618" level="INFO">Temporally setting log level to: NONE</msg>
<arg>password</arg>
<arg>${password}</arg>
<doc>Types the given password into the text field identified by ``locator``.</doc>
<status status="PASS" start="2025-11-16T10:15:11.677013" elapsed="1.564369"/>
</kw>
<arg>kalle123</arg>
<status status="PASS" start="2025-11-16T10:15:11.676771" elapsed="1.564730"/>
</kw>
<kw name="Click Button" owner="SeleniumLibrary">
<msg time="2025-11-16T10:15:13.241955" level="INFO">Clicking button 'Login'.</msg>
<arg>Login</arg>
<doc>Clicks the button identified by ``locator``.</doc>
<status status="PASS" start="2025-11-16T10:15:13.241740" elapsed="2.074469"/>
</kw>
<kw name="Login Should Succeed">
<kw name="Main Page Should Be Open" owner="resource">
<kw name="Title Should Be" owner="SeleniumLibrary">
<msg time="2025-11-16T10:15:15.820775" level="INFO">Page title is 'Ohtu Application main page'.</msg>
<arg>Ohtu Application main page</arg>
<doc>Verifies that the current page title equals ``title``.</doc>
<status status="PASS" start="2025-11-16T10:15:15.316711" elapsed="0.504229"/>
</kw>
<status status="PASS" start="2025-11-16T10:15:15.316590" elapsed="0.504449"/>
</kw>
<status status="PASS" start="2025-11-16T10:15:15.316420" elapsed="0.504666"/>
</kw>
<status status="PASS" start="2025-11-16T10:15:09.565027" elapsed="6.256264"/>
</test>
<test id="s1-s2-t2" name="Login With Incorrect Password" line="14">
<kw name="Reset Application Create User And Go To Login Page" type="SETUP">
<kw name="Reset Application" owner="AppLibrary">
<status status="PASS" start="2025-11-16T10:15:15.822053" elapsed="0.001724"/>
</kw>
<kw name="Create User" owner="AppLibrary">
<arg>kalle</arg>
<arg>kalle123</arg>
<status status="PASS" start="2025-11-16T10:15:15.823899" elapsed="0.002875"/>
</kw>
<kw name="Go To Login Page" owner="resource">
<kw name="Go To" owner="SeleniumLibrary">
<msg time="2025-11-16T10:15:15.827098" level="INFO">Opening url 'http://localhost:5001/login'</msg>
<arg>${LOGIN_URL}</arg>
<doc>Navigates the current browser window to the provided ``url``.</doc>
<status status="PASS" start="2025-11-16T10:15:15.827015" elapsed="0.517996"/>
</kw>
<status status="PASS" start="2025-11-16T10:15:15.826881" elapsed="0.518270"/>
</kw>
<status status="PASS" start="2025-11-16T10:15:15.821850" elapsed="0.523338"/>
</kw>
<kw name="Set Username">
<kw name="Input Text" owner="SeleniumLibrary">
<msg time="2025-11-16T10:15:16.345844" level="INFO">Typing text 'kalle' into text field 'username'.</msg>
<arg>username</arg>
<arg>${username}</arg>
<doc>Types the given ``text`` into the text field identified by ``locator``.</doc>
<status status="PASS" start="2025-11-16T10:15:16.345715" elapsed="1.550268"/>
</kw>
<arg>kalle</arg>
<status status="PASS" start="2025-11-16T10:15:16.345448" elapsed="1.550627"/>
</kw>
<kw name="Set Password">
<kw name="Input Password" owner="SeleniumLibrary">
<msg time="2025-11-16T10:15:17.896633" level="INFO">Typing password into text field 'password'.</msg>
<msg time="2025-11-16T10:15:18.922475" level="INFO">Temporally setting log level to: NONE</msg>
<arg>password</arg>
<arg>${password}</arg>
<doc>Types the given password into the text field identified by ``locator``.</doc>
<status status="PASS" start="2025-11-16T10:15:17.896495" elapsed="1.559166"/>
</kw>
<arg>kalle456</arg>
<status status="PASS" start="2025-11-16T10:15:17.896283" elapsed="1.559465"/>
</kw>
<kw name="Click Button" owner="SeleniumLibrary">
<msg time="2025-11-16T10:15:19.456107" level="INFO">Clicking button 'Login'.</msg>
<arg>Login</arg>
<doc>Clicks the button identified by ``locator``.</doc>
<status status="PASS" start="2025-11-16T10:15:19.455948" elapsed="2.057571"/>
</kw>
<kw name="Login Should Fail With Message">
<kw name="Login Page Should Be Open" owner="resource">
<kw name="Title Should Be" owner="SeleniumLibrary">
<msg time="2025-11-16T10:15:22.018384" level="INFO">Page title is 'Login'.</msg>
<arg>Login</arg>
<doc>Verifies that the current page title equals ``title``.</doc>
<status status="PASS" start="2025-11-16T10:15:21.514115" elapsed="0.504373"/>
</kw>
<status status="PASS" start="2025-11-16T10:15:21.513960" elapsed="0.504599"/>
</kw>
<kw name="Page Should Contain" owner="SeleniumLibrary">
<msg time="2025-11-16T10:15:23.029986" level="INFO">Current page contains text 'Invalid username or password'.</msg>
<arg>${message}</arg>
<doc>Verifies that current page contains ``text``.</doc>
<status status="PASS" start="2025-11-16T10:15:22.018693" elapsed="1.011398"/>
</kw>
<arg>Invalid username or password</arg>
<status status="PASS" start="2025-11-16T10:15:21.513759" elapsed="1.516411"/>
</kw>
<status status="PASS" start="2025-11-16T10:15:15.821547" elapsed="7.208774"/>
</test>
<test id="s1-s2-t3" name="Login With Nonexistent Username" line="20">
<kw name="Reset Application Create User And Go To Login Page" type="SETUP">
<kw name="Reset Application" owner="AppLibrary">
<status status="PASS" start="2025-11-16T10:15:23.030911" elapsed="0.001699"/>
</kw>
<kw name="Create User" owner="AppLibrary">
<arg>kalle</arg>
<arg>kalle123</arg>
<status status="PASS" start="2025-11-16T10:15:23.032704" elapsed="0.002678"/>
</kw>
<kw name="Go To Login Page" owner="resource">
<kw name="Go To" owner="SeleniumLibrary">
<msg time="2025-11-16T10:15:23.035749" level="INFO">Opening url 'http://localhost:5001/login'</msg>
<arg>${LOGIN_URL}</arg>
<doc>Navigates the current browser window to the provided ``url``.</doc>
<status status="PASS" start="2025-11-16T10:15:23.035662" elapsed="0.515978"/>
</kw>
<status status="PASS" start="2025-11-16T10:15:23.035509" elapsed="0.516352"/>
</kw>
<status status="PASS" start="2025-11-16T10:15:23.030762" elapsed="0.521161"/>
</kw>
<kw name="Set Username">
<kw name="Input Text" owner="SeleniumLibrary">
<msg time="2025-11-16T10:15:23.552759" level="INFO">Typing text 'sirkka' into text field 'username'.</msg>
<arg>username</arg>
<arg>${username}</arg>
<doc>Types the given ``text`` into the text field identified by ``locator``.</doc>
<status status="PASS" start="2025-11-16T10:15:23.552515" elapsed="1.554759"/>
</kw>
<arg>sirkka</arg>
<status status="PASS" start="2025-11-16T10:15:23.552225" elapsed="1.555143"/>
</kw>
<kw name="Set Password">
<kw name="Input Password" owner="SeleniumLibrary">
<msg time="2025-11-16T10:15:25.107900" level="INFO">Typing password into text field 'password'.</msg>
<msg time="2025-11-16T10:15:26.130685" level="INFO">Temporally setting log level to: NONE</msg>
<arg>password</arg>
<arg>${password}</arg>
<doc>Types the given password into the text field identified by ``locator``.</doc>
<status status="PASS" start="2025-11-16T10:15:25.107743" elapsed="1.552136"/>
</kw>
<arg>sirkka456</arg>
<status status="PASS" start="2025-11-16T10:15:25.107548" elapsed="1.552424"/>
</kw>
<kw name="Click Button" owner="SeleniumLibrary">
<msg time="2025-11-16T10:15:26.660268" level="INFO">Clicking button 'Login'.</msg>
<arg>Login</arg>
<doc>Clicks the button identified by ``locator``.</doc>
<status status="PASS" start="2025-11-16T10:15:26.660130" elapsed="2.058952"/>
</kw>
<kw name="Login Should Fail With Message">
<kw name="Login Page Should Be Open" owner="resource">
<kw name="Title Should Be" owner="SeleniumLibrary">
<msg time="2025-11-16T10:15:29.224364" level="INFO">Page title is 'Login'.</msg>
<arg>Login</arg>
<doc>Verifies that the current page title equals ``title``.</doc>
<status status="PASS" start="2025-11-16T10:15:28.719975" elapsed="0.504544"/>
</kw>
<status status="PASS" start="2025-11-16T10:15:28.719762" elapsed="0.504853"/>
</kw>
<kw name="Page Should Contain" owner="SeleniumLibrary">
<msg time="2025-11-16T10:15:30.233724" level="INFO">Current page contains text 'Invalid username or password'.</msg>
<arg>${message}</arg>
<doc>Verifies that current page contains ``text``.</doc>
<status status="PASS" start="2025-11-16T10:15:29.224750" elapsed="1.009138"/>
</kw>
<arg>Invalid username or password</arg>
<status status="PASS" start="2025-11-16T10:15:28.719494" elapsed="1.514496"/>
</kw>
<status status="PASS" start="2025-11-16T10:15:23.030532" elapsed="7.203668"/>
</test>
<kw name="Close Browser" owner="SeleniumLibrary" type="TEARDOWN">
<doc>Closes the current browser.</doc>
<status status="PASS" start="2025-11-16T10:15:30.234643" elapsed="0.558105"/>
</kw>
<status status="PASS" start="2025-11-16T10:15:09.114035" elapsed="21.678770"/>
</suite>
<status status="PASS" start="2025-11-16T10:15:01.326346" elapsed="29.466872"/>
</suite>
<statistics>
<total>
<stat pass="5" fail="0" skip="0">All Tests</stat>
</total>
<tag>
</tag>
<suite>
<stat name="Tests" id="s1" pass="5" fail="0" skip="0">Tests</stat>
<stat name="Home" id="s1-s1" pass="2" fail="0" skip="0">Tests.Home</stat>
<stat name="Login" id="s1-s2" pass="3" fail="0" skip="0">Tests.Login</stat>
</suite>
</statistics>
<errors>
</errors>
</robot>
